#
# There is insufficient memory for the Java Runtime Environment to continue.
# Native memory allocation (mmap) failed to map 113246208 bytes for committing reserved memory.
# Possible reasons:
#   The system is out of physical RAM or swap space
#   In 32 bit mode, the process size limit was hit
# Possible solutions:
#   Reduce memory load on the system
#   Increase physical memory or swap space
#   Check if swap backing store is full
#   Use 64 bit Java on a 64 bit OS
#   Decrease Java heap size (-Xmx/-Xms)
#   Decrease number of Java threads
#   Decrease Java thread stack sizes (-Xss)
#   Set larger code cache with -XX:ReservedCodeCacheSize=
# This output file may be truncated or incomplete.
#
#  Out of Memory Error (os_linux.cpp:2627), pid=14192, tid=0x00007f60687f7700
#
# JRE version: OpenJDK Runtime Environment (8.0_76-b03) (build 1.8.0_76-release-b03)
# Java VM: OpenJDK 64-Bit Server VM (25.76-b03 mixed mode linux-amd64 compressed oops)
# Failed to write core dump. Core dumps have been disabled. To enable core dumping, try "ulimit -c unlimited" before starting Java again
#

---------------  T H R E A D  ---------------

Current thread (0x00007f6078077800):  VMThread [stack: 0x00007f60686f7000,0x00007f60687f8000] [id=14203]

Stack: [0x00007f60686f7000,0x00007f60687f8000],  sp=0x00007f60687f64c0,  free space=1021k
Native frames: (J=compiled Java code, j=interpreted, Vv=VM code, C=native code)
V  [libjvm.so+0x9d9fcd]  VMError::report_and_die()+0x15d
V  [libjvm.so+0x4b4d4a]  report_vm_out_of_memory(char const*, int, unsigned long, VMErrorType, char const*)+0x8a
V  [libjvm.so+0x845190]  os::pd_commit_memory(char*, unsigned long, unsigned long, bool)+0xf0
V  [libjvm.so+0x83fcbf]  os::commit_memory(char*, unsigned long, unsigned long, bool)+0x1f
V  [libjvm.so+0x8b4d9b]  PSVirtualSpace::expand_by(unsigned long)+0x5b
V  [libjvm.so+0x8b5a10]  PSYoungGen::resize_generation(unsigned long, unsigned long)+0xb0
V  [libjvm.so+0x8b5d2b]  PSYoungGen::resize(unsigned long, unsigned long)+0x1b
V  [libjvm.so+0x8b241c]  PSScavenge::invoke_no_policy()+0xdac
V  [libjvm.so+0x8b2bf8]  PSScavenge::invoke()+0x38
V  [libjvm.so+0x8681f3]  ParallelScavengeHeap::failed_mem_allocate(unsigned long)+0x63
V  [libjvm.so+0x9dba94]  VM_ParallelGCFailedAllocation::doit()+0x84
V  [libjvm.so+0x9dfe47]  VM_Operation::evaluate()+0x47
V  [libjvm.so+0x9de908]  VMThread::evaluate_operation(VM_Operation*)+0x2c8
V  [libjvm.so+0x9ded89]  VMThread::loop()+0x219
V  [libjvm.so+0x9df1d2]  VMThread::run()+0x72
V  [libjvm.so+0x8425b2]  java_start(Thread*)+0xf2

VM_Operation (0x00007f60552f3010): ParallelGCFailedAllocation, mode: safepoint, requested by thread 0x00007f607814a000


---------------  P R O C E S S  ---------------

Java Threads: ( => current thread )
  0x00007f607814a000 JavaThread "pool-2-thread-4" [_thread_blocked, id=14216, stack(0x00007f60551f4000,0x00007f60552f5000)]
  0x00007f6078146800 JavaThread "pool-2-thread-3" [_thread_blocked, id=14215, stack(0x00007f60552f5000,0x00007f60553f6000)]
  0x00007f6078144800 JavaThread "pool-2-thread-2" [_thread_blocked, id=14214, stack(0x00007f60553f6000,0x00007f60554f7000)]
  0x00007f6078143000 JavaThread "pool-3-thread-1" [_thread_blocked, id=14213, stack(0x00007f60554f7000,0x00007f60555f8000)]
  0x00007f607813f000 JavaThread "pool-2-thread-1" [_thread_blocked, id=14212, stack(0x00007f60555f8000,0x00007f60556f9000)]
  0x00007f60780c8000 JavaThread "Service Thread" daemon [_thread_blocked, id=14210, stack(0x00007f60557fa000,0x00007f60558fb000)]
  0x00007f60780bd000 JavaThread "C1 CompilerThread2" daemon [_thread_blocked, id=14209, stack(0x00007f60680f1000,0x00007f60681f2000)]
  0x00007f60780bb000 JavaThread "C2 CompilerThread1" daemon [_thread_blocked, id=14208, stack(0x00007f60681f2000,0x00007f60682f3000)]
  0x00007f60780b8800 JavaThread "C2 CompilerThread0" daemon [_thread_blocked, id=14207, stack(0x00007f60682f3000,0x00007f60683f4000)]
  0x00007f60780b7000 JavaThread "Signal Dispatcher" daemon [_thread_blocked, id=14206, stack(0x00007f60683f4000,0x00007f60684f5000)]
  0x00007f6078083800 JavaThread "Finalizer" daemon [_thread_blocked, id=14205, stack(0x00007f60684f5000,0x00007f60685f6000)]
  0x00007f607807f000 JavaThread "Reference Handler" daemon [_thread_blocked, id=14204, stack(0x00007f60685f6000,0x00007f60686f7000)]
  0x00007f607800a000 JavaThread "main" [_thread_blocked, id=14198, stack(0x00007f6080d11000,0x00007f6080e12000)]

Other Threads:
=>0x00007f6078077800 VMThread [stack: 0x00007f60686f7000,0x00007f60687f8000] [id=14203]
  0x00007f60780ca800 WatcherThread [stack: 0x00007f60556f9000,0x00007f60557fa000] [id=14211]

VM state:at safepoint (normal execution)

VM Mutex/Monitor currently owned by a thread:  ([mutex/lock_event])
[0x00007f6078006630] Threads_lock - owner thread: 0x00007f6078077800
[0x00007f6078006b30] Heap_lock - owner thread: 0x00007f607814a000

Heap:
 PSYoungGen      total 68608K, used 5115K [0x00000000eab00000, 0x00000000ef300000, 0x0000000100000000)
  eden space 63488K, 0% used [0x00000000eab00000,0x00000000eab00000,0x00000000ee900000)
  from space 5120K, 99% used [0x00000000ee900000,0x00000000eedfee40,0x00000000eee00000)
  to   space 5120K, 0% used [0x00000000eee00000,0x00000000eee00000,0x00000000ef300000)
 ParOldGen       total 84992K, used 58072K [0x00000000c0000000, 0x00000000c5300000, 0x00000000eab00000)
  object space 84992K, 68% used [0x00000000c0000000,0x00000000c38b62f8,0x00000000c5300000)
 Metaspace       used 5778K, capacity 7024K, committed 7296K, reserved 1056768K
  class space    used 558K, capacity 616K, committed 640K, reserved 1048576K

Card table byte_map: [0x00007f607d9b6000,0x00007f607dbb7000] byte_map_base: 0x00007f607d3b6000

Marking Bits: (ParMarkBitMap*) 0x00007f60801e81a0
 Begin Bits: [0x00007f6056000000, 0x00007f6057000000)
 End Bits:   [0x00007f6057000000, 0x00007f6058000000)

Polling page: 0x00007f6080e38000

CodeCache: size=245760Kb used=6054Kb max_used=6067Kb free=239705Kb
 bounds [0x00007f6069000000, 0x00007f6069600000, 0x00007f6078000000]
 total_blobs=1705 nmethods=1445 adapters=175
 compilation: enabled

Compilation events (10 events):
Event: 3,211 Thread 0x00007f60780bd000 nmethod 1518 0x00007f60695ea290 code [0x00007f60695ea440, 0x00007f60695ea798]
Event: 3,212 Thread 0x00007f60780bd000 1519       2       com.android.dx.rop.cst.CstBaseMethodRef::isInstanceInit (8 bytes)
Event: 3,212 Thread 0x00007f60780bd000 nmethod 1519 0x00007f60695eab10 code [0x00007f60695eac80, 0x00007f60695eae08]
Event: 3,212 Thread 0x00007f60780bd000 1520       2       com.android.dx.cf.code.ExecutionStack::peekLocal (46 bytes)
Event: 3,212 Thread 0x00007f60780bd000 nmethod 1520 0x00007f60695eaf50 code [0x00007f60695eb0e0, 0x00007f60695eb3d8]
Event: 3,212 Thread 0x00007f60780bd000 1521       2       com.android.dx.cf.code.BaseMachine::popArgs (204 bytes)
Event: 3,214 Thread 0x00007f60780bd000 nmethod 1521 0x00007f60695eea50 code [0x00007f60695eedc0, 0x00007f60695efb08]
Event: 3,214 Thread 0x00007f60780bb000 nmethod 1405 0x00007f60695f0950 code [0x00007f60695f0b00, 0x00007f60695f1388]
Event: 3,214 Thread 0x00007f60780bb000 1511       4       com.android.dx.ssa.SsaMethod::computeReachability (131 bytes)
Event: 3,214 Thread 0x00007f60780bd000 1522       2       com.android.dx.ssa.SsaMethod::makeExitBlock (134 bytes)

GC Heap History (9 events):
Event: 2,012 GC heap before
{Heap before GC invocations=1 (full 0):
 PSYoungGen      total 36864K, used 31744K [0x00000000eab00000, 0x00000000ed400000, 0x0000000100000000)
  eden space 31744K, 100% used [0x00000000eab00000,0x00000000eca00000,0x00000000eca00000)
  from space 5120K, 0% used [0x00000000ecf00000,0x00000000ecf00000,0x00000000ed400000)
  to   space 5120K, 0% used [0x00000000eca00000,0x00000000eca00000,0x00000000ecf00000)
 ParOldGen       total 84992K, used 0K [0x00000000c0000000, 0x00000000c5300000, 0x00000000eab00000)
  object space 84992K, 0% used [0x00000000c0000000,0x00000000c0000000,0x00000000c5300000)
 Metaspace       used 5547K, capacity 6768K, committed 7040K, reserved 1056768K
  class space    used 553K, capacity 616K, committed 640K, reserved 1048576K
Event: 2,024 GC heap after
Heap after GC invocations=1 (full 0):
 PSYoungGen      total 36864K, used 5114K [0x00000000eab00000, 0x00000000ed400000, 0x0000000100000000)
  eden space 31744K, 0% used [0x00000000eab00000,0x00000000eab00000,0x00000000eca00000)
  from space 5120K, 99% used [0x00000000eca00000,0x00000000ecefe850,0x00000000ecf00000)
  to   space 5120K, 0% used [0x00000000ecf00000,0x00000000ecf00000,0x00000000ed400000)
 ParOldGen       total 84992K, used 2535K [0x00000000c0000000, 0x00000000c5300000, 0x00000000eab00000)
  object space 84992K, 2% used [0x00000000c0000000,0x00000000c0279c48,0x00000000c5300000)
 Metaspace       used 5547K, capacity 6768K, committed 7040K, reserved 1056768K
  class space    used 553K, capacity 616K, committed 640K, reserved 1048576K
}
Event: 2,522 GC heap before
{Heap before GC invocations=2 (full 0):
 PSYoungGen      total 36864K, used 36858K [0x00000000eab00000, 0x00000000ed400000, 0x0000000100000000)
  eden space 31744K, 100% used [0x00000000eab00000,0x00000000eca00000,0x00000000eca00000)
  from space 5120K, 99% used [0x00000000eca00000,0x00000000ecefe850,0x00000000ecf00000)
  to   space 5120K, 0% used [0x00000000ecf00000,0x00000000ecf00000,0x00000000ed400000)
 ParOldGen       total 84992K, used 2535K [0x00000000c0000000, 0x00000000c5300000, 0x00000000eab00000)
  object space 84992K, 2% used [0x00000000c0000000,0x00000000c0279c48,0x00000000c5300000)
 Metaspace       used 5661K, capacity 6896K, committed 7040K, reserved 1056768K
  class space    used 558K, capacity 616K, committed 640K, reserved 1048576K
Event: 2,560 GC heap after
Heap after GC invocations=2 (full 0):
 PSYoungGen      total 36864K, used 5106K [0x00000000eab00000, 0x00000000ef300000, 0x0000000100000000)
  eden space 31744K, 0% used [0x00000000eab00000,0x00000000eab00000,0x00000000eca00000)
  from space 5120K, 99% used [0x00000000ecf00000,0x00000000ed3fc8e0,0x00000000ed400000)
  to   space 5120K, 0% used [0x00000000eca00000,0x00000000eca00000,0x00000000ecf00000)
 ParOldGen       total 84992K, used 12570K [0x00000000c0000000, 0x00000000c5300000, 0x00000000eab00000)
  object space 84992K, 14% used [0x00000000c0000000,0x00000000c0c46968,0x00000000c5300000)
 Metaspace       used 5661K, capacity 6896K, committed 7040K, reserved 1056768K
  class space    used 558K, capacity 616K, committed 640K, reserved 1048576K
}
Event: 2,770 GC heap before
{Heap before GC invocations=3 (full 0):
 PSYoungGen      total 36864K, used 36850K [0x00000000eab00000, 0x00000000ef300000, 0x0000000100000000)
  eden space 31744K, 100% used [0x00000000eab00000,0x00000000eca00000,0x00000000eca00000)
  from space 5120K, 99% used [0x00000000ecf00000,0x00000000ed3fc8e0,0x00000000ed400000)
  to   space 5120K, 0% used [0x00000000eca00000,0x00000000eca00000,0x00000000ecf00000)
 ParOldGen       total 84992K, used 12570K [0x00000000c0000000, 0x00000000c5300000, 0x00000000eab00000)
  object space 84992K, 14% used [0x00000000c0000000,0x00000000c0c46968,0x00000000c5300000)
 Metaspace       used 5695K, capacity 6896K, committed 7040K, reserved 1056768K
  class space    used 558K, capacity 616K, committed 640K, reserved 1048576K
Event: 2,799 GC heap after
Heap after GC invocations=3 (full 0):
 PSYoungGen      total 36864K, used 5107K [0x00000000eab00000, 0x00000000ef300000, 0x0000000100000000)
  eden space 31744K, 0% used [0x00000000eab00000,0x00000000eab00000,0x00000000eca00000)
  from space 5120K, 99% used [0x00000000eca00000,0x00000000ecefcfe0,0x00000000ecf00000)
  to   space 5120K, 0% used [0x00000000eee00000,0x00000000eee00000,0x00000000ef300000)
 ParOldGen       total 84992K, used 27047K [0x00000000c0000000, 0x00000000c5300000, 0x00000000eab00000)
  object space 84992K, 31% used [0x00000000c0000000,0x00000000c1a69ee0,0x00000000c5300000)
 Metaspace       used 5695K, capacity 6896K, committed 7040K, reserved 1056768K
  class space    used 558K, capacity 616K, committed 640K, reserved 1048576K
}
Event: 2,907 GC heap before
{Heap before GC invocations=4 (full 0):
 PSYoungGen      total 36864K, used 36851K [0x00000000eab00000, 0x00000000ef300000, 0x0000000100000000)
  eden space 31744K, 100% used [0x00000000eab00000,0x00000000eca00000,0x00000000eca00000)
  from space 5120K, 99% used [0x00000000eca00000,0x00000000ecefcfe0,0x00000000ecf00000)
  to   space 5120K, 0% used [0x00000000eee00000,0x00000000eee00000,0x00000000ef300000)
 ParOldGen       total 84992K, used 27047K [0x00000000c0000000, 0x00000000c5300000, 0x00000000eab00000)
  object space 84992K, 31% used [0x00000000c0000000,0x00000000c1a69ee0,0x00000000c5300000)
 Metaspace       used 5707K, capacity 6960K, committed 7040K, reserved 1056768K
  class space    used 558K, capacity 616K, committed 640K, reserved 1048576K
Event: 2,935 GC heap after
Heap after GC invocations=4 (full 0):
 PSYoungGen      total 68608K, used 5093K [0x00000000eab00000, 0x00000000ef300000, 0x0000000100000000)
  eden space 63488K, 0% used [0x00000000eab00000,0x00000000eab00000,0x00000000ee900000)
  from space 5120K, 99% used [0x00000000eee00000,0x00000000ef2f97b0,0x00000000ef300000)
  to   space 5120K, 0% used [0x00000000ee900000,0x00000000ee900000,0x00000000eee00000)
 ParOldGen       total 84992K, used 36171K [0x00000000c0000000, 0x00000000c5300000, 0x00000000eab00000)
  object space 84992K, 42% used [0x00000000c0000000,0x00000000c2352d90,0x00000000c5300000)
 Metaspace       used 5707K, capacity 6960K, committed 7040K, reserved 1056768K
  class space    used 558K, capacity 616K, committed 640K, reserved 1048576K
}
Event: 3,392 GC heap before
{Heap before GC invocations=5 (full 0):
 PSYoungGen      total 68608K, used 68581K [0x00000000eab00000, 0x00000000ef300000, 0x0000000100000000)
  eden space 63488K, 100% used [0x00000000eab00000,0x00000000ee900000,0x00000000ee900000)
  from space 5120K, 99% used [0x00000000eee00000,0x00000000ef2f97b0,0x00000000ef300000)
  to   space 5120K, 0% used [0x00000000ee900000,0x00000000ee900000,0x00000000eee00000)
 ParOldGen       total 84992K, used 36171K [0x00000000c0000000, 0x00000000c5300000, 0x00000000eab00000)
  object space 84992K, 42% used [0x00000000c0000000,0x00000000c2352d90,0x00000000c5300000)
 Metaspace       used 5778K, capacity 7024K, committed 7296K, reserved 1056768K
  class space    used 558K, capacity 616K, committed 640K, reserved 1048576K

Deoptimization events (10 events):
Event: 2,572 Thread 0x00007f607813f000 Uncommon trap: reason=unstable_if action=reinterpret pc=0x00007f60692b3624 method=com.android.dx.ssa.SsaRenamer$BlockRenamer.addMapping(ILcom/android/dx/rop/code/RegisterSpec;)V @ 120
Event: 2,599 Thread 0x00007f607814a000 Uncommon trap: reason=class_check action=maybe_recompile pc=0x00007f60693c9790 method=com.android.dx.ssa.NormalSsaInsn.accept(Lcom/android/dx/ssa/SsaInsn$Visitor;)V @ 9
Event: 2,599 Thread 0x00007f607814a000 Uncommon trap: reason=class_check action=maybe_recompile pc=0x00007f60693c9790 method=com.android.dx.ssa.NormalSsaInsn.accept(Lcom/android/dx/ssa/SsaInsn$Visitor;)V @ 9
Event: 2,604 Thread 0x00007f607814a000 Uncommon trap: reason=class_check action=maybe_recompile pc=0x00007f606935392c method=com.android.dx.ssa.NormalSsaInsn.accept(Lcom/android/dx/ssa/SsaInsn$Visitor;)V @ 9
Event: 3,153 Thread 0x00007f607813f000 Uncommon trap: reason=null_check action=make_not_entrant pc=0x00007f60694cdea4 method=com.android.dx.ssa.SsaRenamer.getLocalForNewReg(I)Lcom/android/dx/rop/code/LocalItem; @ 19
Event: 3,154 Thread 0x00007f607813f000 Uncommon trap: reason=unstable_if action=reinterpret pc=0x00007f60695bc800 method=com.android.dx.rop.code.InsnList.contentEquals(Lcom/android/dx/rop/code/InsnList;)Z @ 25
Event: 3,154 Thread 0x00007f607813f000 Uncommon trap: reason=unstable_if action=reinterpret pc=0x00007f60693f83b8 method=com.android.dx.util.LabeledList.set(ILcom/android/dx/util/LabeledItem;)V @ 16
Event: 3,157 Thread 0x00007f607800a000 Uncommon trap: reason=unloaded action=reinterpret pc=0x00007f60691b3664 method=com.android.dx.cf.cst.ConstantPoolParser.parse0(ILjava/util/BitSet;)Lcom/android/dx/rop/cst/Constant; @ 176
Event: 3,164 Thread 0x00007f6078146800 Uncommon trap: reason=unstable_if action=reinterpret pc=0x00007f60693ac6f0 method=java.util.HashMap.putVal(ILjava/lang/Object;Ljava/lang/Object;ZZ)Ljava/lang/Object; @ 94
Event: 3,166 Thread 0x00007f6078146800 Uncommon trap: reason=unstable_if action=reinterpret pc=0x00007f6069244afc method=java.util.BitSet.ensureCapacity(I)V @ 6

Internal exceptions (4 events):
Event: 0,808 Thread 0x00007f607800a000 Exception <a 'java/lang/NoSuchMethodError': Method sun.misc.Unsafe.defineClass(Ljava/lang/String;[BII)Ljava/lang/Class; name or signature does not match> (0x00000000eab07cc0) thrown at [/ssd/Android/AOSP-openjdk/external/jetbrains/jdk/hotspot/src/share/vm
Event: 0,808 Thread 0x00007f607800a000 Exception <a 'java/lang/NoSuchMethodError': Method sun.misc.Unsafe.prefetchRead(Ljava/lang/Object;J)V name or signature does not match> (0x00000000eab07fa8) thrown at [/ssd/Android/AOSP-openjdk/external/jetbrains/jdk/hotspot/src/share/vm/prims/jni.cpp, li
Event: 1,979 Thread 0x00007f6078144800 Implicit null exception at 0x00007f60692959a2 to 0x00007f6069295aad
Event: 3,153 Thread 0x00007f607813f000 Implicit null exception at 0x00007f60694cba51 to 0x00007f60694cde5d

Events (10 events):
Event: 3,166 Thread 0x00007f6078146800 Uncommon trap: trap_request=0xffffff65 fr.pc=0x00007f6069244afc
Event: 3,166 Thread 0x00007f6078146800 DEOPT PACKING pc=0x00007f6069244afc sp=0x00007f60553f40a0
Event: 3,166 Thread 0x00007f6078146800 DEOPT UNPACKING pc=0x00007f6069004f69 sp=0x00007f60553f3f98 mode 2
Event: 3,182 Thread 0x00007f607813f000 DEOPT PACKING pc=0x00007f606943e9f9 sp=0x00007f60556f7170
Event: 3,182 Thread 0x00007f607813f000 DEOPT UNPACKING pc=0x00007f6069047373 sp=0x00007f60556f6f58 mode 0
Event: 3,205 Thread 0x00007f6078146800 DEOPT PACKING pc=0x00007f606943e9f9 sp=0x00007f60553f4170
Event: 3,205 Thread 0x00007f6078146800 DEOPT UNPACKING pc=0x00007f6069047373 sp=0x00007f60553f3f58 mode 0
Event: 3,228 Thread 0x00007f607814a000 DEOPT PACKING pc=0x00007f60694c6bc3 sp=0x00007f60552f3290
Event: 3,228 Thread 0x00007f607814a000 DEOPT UNPACKING pc=0x00007f6069047373 sp=0x00007f60552f3078 mode 0
Event: 3,237 Executing VM operation: ParallelGCFailedAllocation


Dynamic libraries:
00400000-00401000 r-xp 00000000 08:08 1332124                            /home/pyram_m/android-studio/jre/bin/java
00600000-00601000 r--p 00000000 08:08 1332124                            /home/pyram_m/android-studio/jre/bin/java
00601000-00602000 rw-p 00001000 08:08 1332124                            /home/pyram_m/android-studio/jre/bin/java
010a5000-010c6000 rw-p 00000000 00:00 0                                  [heap]
c0000000-c5300000 rw-p 00000000 00:00 0 
c5300000-eab00000 ---p 00000000 00:00 0 
eab00000-ef300000 rw-p 00000000 00:00 0 
f5f00000-100000000 ---p 00000000 00:00 0 
100000000-1000a0000 rw-p 00000000 00:00 0 
1000a0000-140000000 ---p 00000000 00:00 0 
7f6018000000-7f601804a000 rw-p 00000000 00:00 0 
7f601804a000-7f601c000000 ---p 00000000 00:00 0 
7f6020000000-7f6020021000 rw-p 00000000 00:00 0 
7f6020021000-7f6024000000 ---p 00000000 00:00 0 
7f6024000000-7f6024025000 rw-p 00000000 00:00 0 
7f6024025000-7f6028000000 ---p 00000000 00:00 0 
7f6028000000-7f60280a9000 rw-p 00000000 00:00 0 
7f60280a9000-7f602c000000 ---p 00000000 00:00 0 
7f602c000000-7f602c021000 rw-p 00000000 00:00 0 
7f602c021000-7f6030000000 ---p 00000000 00:00 0 
7f6030000000-7f6030021000 rw-p 00000000 00:00 0 
7f6030021000-7f6034000000 ---p 00000000 00:00 0 
7f6034000000-7f6034021000 rw-p 00000000 00:00 0 
7f6034021000-7f6038000000 ---p 00000000 00:00 0 
7f6038000000-7f6038abf000 rw-p 00000000 00:00 0 
7f6038abf000-7f603c000000 ---p 00000000 00:00 0 
7f603c000000-7f603c553000 rw-p 00000000 00:00 0 
7f603c553000-7f6040000000 ---p 00000000 00:00 0 
7f6040000000-7f6040021000 rw-p 00000000 00:00 0 
7f6040021000-7f6044000000 ---p 00000000 00:00 0 
7f6044000000-7f6044ccf000 rw-p 00000000 00:00 0 
7f6044ccf000-7f6048000000 ---p 00000000 00:00 0 
7f6048000000-7f6048021000 rw-p 00000000 00:00 0 
7f6048021000-7f604c000000 ---p 00000000 00:00 0 
7f604c000000-7f604c021000 rw-p 00000000 00:00 0 
7f604c021000-7f6050000000 ---p 00000000 00:00 0 
7f6050000000-7f6050280000 rw-p 00000000 00:00 0 
7f6050280000-7f6054000000 ---p 00000000 00:00 0 
7f60551f4000-7f60551f7000 ---p 00000000 00:00 0 
7f60551f7000-7f60552f5000 rw-p 00000000 00:00 0 
7f60552f5000-7f60552f8000 ---p 00000000 00:00 0 
7f60552f8000-7f60553f6000 rw-p 00000000 00:00 0 
7f60553f6000-7f60553f9000 ---p 00000000 00:00 0 
7f60553f9000-7f60554f7000 rw-p 00000000 00:00 0 
7f60554f7000-7f60554fa000 ---p 00000000 00:00 0 
7f60554fa000-7f60555f8000 rw-p 00000000 00:00 0 
7f60555f8000-7f60555fb000 ---p 00000000 00:00 0 
7f60555fb000-7f60556f9000 rw-p 00000000 00:00 0 
7f60556f9000-7f60556fa000 ---p 00000000 00:00 0 
7f60556fa000-7f60557fa000 rw-p 00000000 00:00 0 
7f60557fa000-7f60557fd000 ---p 00000000 00:00 0 
7f60557fd000-7f60558fb000 rw-p 00000000 00:00 0 
7f60558fb000-7f6056000000 r--p 00000000 08:08 7085934                    /usr/lib/locale/locale-archive
7f6056000000-7f6058000000 rw-p 00000000 00:00 0 
7f6058000000-7f6058021000 rw-p 00000000 00:00 0 
7f6058021000-7f605c000000 ---p 00000000 00:00 0 
7f605c000000-7f605c021000 rw-p 00000000 00:00 0 
7f605c021000-7f6060000000 ---p 00000000 00:00 0 
7f6060000000-7f6060021000 rw-p 00000000 00:00 0 
7f6060021000-7f6064000000 ---p 00000000 00:00 0 
7f6064000000-7f6064021000 rw-p 00000000 00:00 0 
7f6064021000-7f6068000000 ---p 00000000 00:00 0 
7f60680f1000-7f60680f4000 ---p 00000000 00:00 0 
7f60680f4000-7f60681f2000 rw-p 00000000 00:00 0 
7f60681f2000-7f60681f5000 ---p 00000000 00:00 0 
7f60681f5000-7f60682f3000 rw-p 00000000 00:00 0 
7f60682f3000-7f60682f6000 ---p 00000000 00:00 0 
7f60682f6000-7f60683f4000 rw-p 00000000 00:00 0 
7f60683f4000-7f60683f7000 ---p 00000000 00:00 0 
7f60683f7000-7f60684f5000 rw-p 00000000 00:00 0 
7f60684f5000-7f60684f8000 ---p 00000000 00:00 0 
7f60684f8000-7f60685f6000 rw-p 00000000 00:00 0 
7f60685f6000-7f60685f9000 ---p 00000000 00:00 0 
7f60685f9000-7f60686f7000 rw-p 00000000 00:00 0 
7f60686f7000-7f60686f8000 ---p 00000000 00:00 0 
7f60686f8000-7f6069000000 rw-p 00000000 00:00 0 
7f6069000000-7f6069600000 rwxp 00000000 00:00 0 
7f6069600000-7f6078000000 ---p 00000000 00:00 0 
7f6078000000-7f60783a4000 rw-p 00000000 00:00 0 
7f60783a4000-7f607c000000 ---p 00000000 00:00 0 
7f607c032000-7f607c039000 r--s 00000000 08:08 7342554                    /usr/lib/x86_64-linux-gnu/gconv/gconv-modules.cache
7f607c039000-7f607c05f000 r--p 00000000 08:08 7736801                    /usr/share/locale-langpack/fr/LC_MESSAGES/libc.mo
7f607c05f000-7f607c06d000 r--s 000e0000 08:08 9211914                    /home/pyram_m/Android/Sdk/build-tools/24.0.1/lib/dx.jar
7f607c06d000-7f607c819000 rw-p 00000000 00:00 0 
7f607c819000-7f607c9e6000 r--s 03bec000 08:08 1332176                    /home/pyram_m/android-studio/jre/jre/lib/rt.jar
7f607c9e6000-7f607d0dc000 rw-p 00000000 00:00 0 
7f607d0dc000-7f607d25c000 ---p 00000000 00:00 0 
7f607d25c000-7f607d45c000 rw-p 00000000 00:00 0 
7f607d45c000-7f607d45d000 ---p 00000000 00:00 0 
7f607d45d000-7f607d55d000 rw-p 00000000 00:00 0 
7f607d55d000-7f607d55e000 ---p 00000000 00:00 0 
7f607d55e000-7f607d65e000 rw-p 00000000 00:00 0 
7f607d65e000-7f607d65f000 ---p 00000000 00:00 0 
7f607d65f000-7f607d75f000 rw-p 00000000 00:00 0 
7f607d75f000-7f607d760000 ---p 00000000 00:00 0 
7f607d760000-7f607d88a000 rw-p 00000000 00:00 0 
7f607d88a000-7f607d9b6000 ---p 00000000 00:00 0 
7f607d9b6000-7f607d9e0000 rw-p 00000000 00:00 0 
7f607d9e0000-7f607db0b000 ---p 00000000 00:00 0 
7f607db0b000-7f607db30000 rw-p 00000000 00:00 0 
7f607db30000-7f607dbb6000 ---p 00000000 00:00 0 
7f607dbb6000-7f607dbcf000 rw-p 00000000 00:00 0 
7f607dbcf000-7f607df77000 ---p 00000000 00:00 0 
7f607df77000-7f607df91000 r-xp 00000000 08:08 1332201                    /home/pyram_m/android-studio/jre/jre/lib/amd64/libzip.so
7f607df91000-7f607e191000 ---p 0001a000 08:08 1332201                    /home/pyram_m/android-studio/jre/jre/lib/amd64/libzip.so
7f607e191000-7f607e192000 r--p 0001a000 08:08 1332201                    /home/pyram_m/android-studio/jre/jre/lib/amd64/libzip.so
7f607e192000-7f607e193000 rw-p 0001b000 08:08 1332201                    /home/pyram_m/android-studio/jre/jre/lib/amd64/libzip.so
7f607e193000-7f607e19e000 r-xp 00000000 08:08 2888221                    /lib/x86_64-linux-gnu/libnss_files-2.23.so
7f607e19e000-7f607e39d000 ---p 0000b000 08:08 2888221                    /lib/x86_64-linux-gnu/libnss_files-2.23.so
7f607e39d000-7f607e39e000 r--p 0000a000 08:08 2888221                    /lib/x86_64-linux-gnu/libnss_files-2.23.so
7f607e39e000-7f607e39f000 rw-p 0000b000 08:08 2888221                    /lib/x86_64-linux-gnu/libnss_files-2.23.so
7f607e39f000-7f607e3a5000 rw-p 00000000 00:00 0 
7f607e3a5000-7f607e3b0000 r-xp 00000000 08:08 2888232                    /lib/x86_64-linux-gnu/libnss_nis-2.23.so
7f607e3b0000-7f607e5af000 ---p 0000b000 08:08 2888232                    /lib/x86_64-linux-gnu/libnss_nis-2.23.so
7f607e5af000-7f607e5b0000 r--p 0000a000 08:08 2888232                    /lib/x86_64-linux-gnu/libnss_nis-2.23.so
7f607e5b0000-7f607e5b1000 rw-p 0000b000 08:08 2888232                    /lib/x86_64-linux-gnu/libnss_nis-2.23.so
7f607e5b1000-7f607e5c7000 r-xp 00000000 08:08 2888215                    /lib/x86_64-linux-gnu/libnsl-2.23.so
7f607e5c7000-7f607e7c6000 ---p 00016000 08:08 2888215                    /lib/x86_64-linux-gnu/libnsl-2.23.so
7f607e7c6000-7f607e7c7000 r--p 00015000 08:08 2888215                    /lib/x86_64-linux-gnu/libnsl-2.23.so
7f607e7c7000-7f607e7c8000 rw-p 00016000 08:08 2888215                    /lib/x86_64-linux-gnu/libnsl-2.23.so
7f607e7c8000-7f607e7ca000 rw-p 00000000 00:00 0 
7f607e7ca000-7f607e7d2000 r-xp 00000000 08:08 2888217                    /lib/x86_64-linux-gnu/libnss_compat-2.23.so
7f607e7d2000-7f607e9d1000 ---p 00008000 08:08 2888217                    /lib/x86_64-linux-gnu/libnss_compat-2.23.so
7f607e9d1000-7f607e9d2000 r--p 00007000 08:08 2888217                    /lib/x86_64-linux-gnu/libnss_compat-2.23.so
7f607e9d2000-7f607e9d3000 rw-p 00008000 08:08 2888217                    /lib/x86_64-linux-gnu/libnss_compat-2.23.so
7f607e9d3000-7f607ea00000 r-xp 00000000 08:08 1332211                    /home/pyram_m/android-studio/jre/jre/lib/amd64/libjava.so
7f607ea00000-7f607ebff000 ---p 0002d000 08:08 1332211                    /home/pyram_m/android-studio/jre/jre/lib/amd64/libjava.so
7f607ebff000-7f607ec00000 r--p 0002c000 08:08 1332211                    /home/pyram_m/android-studio/jre/jre/lib/amd64/libjava.so
7f607ec00000-7f607ec02000 rw-p 0002d000 08:08 1332211                    /home/pyram_m/android-studio/jre/jre/lib/amd64/libjava.so
7f607ec02000-7f607ec12000 r-xp 00000000 08:08 1332227                    /home/pyram_m/android-studio/jre/jre/lib/amd64/libverify.so
7f607ec12000-7f607ee11000 ---p 00010000 08:08 1332227                    /home/pyram_m/android-studio/jre/jre/lib/amd64/libverify.so
7f607ee11000-7f607ee13000 r--p 0000f000 08:08 1332227                    /home/pyram_m/android-studio/jre/jre/lib/amd64/libverify.so
7f607ee13000-7f607ee14000 rw-p 00011000 08:08 1332227                    /home/pyram_m/android-studio/jre/jre/lib/amd64/libverify.so
7f607ee14000-7f607ee1b000 r-xp 00000000 08:08 2888277                    /lib/x86_64-linux-gnu/librt-2.23.so
7f607ee1b000-7f607f01a000 ---p 00007000 08:08 2888277                    /lib/x86_64-linux-gnu/librt-2.23.so
7f607f01a000-7f607f01b000 r--p 00006000 08:08 2888277                    /lib/x86_64-linux-gnu/librt-2.23.so
7f607f01b000-7f607f01c000 rw-p 00007000 08:08 2888277                    /lib/x86_64-linux-gnu/librt-2.23.so
7f607f01c000-7f607f124000 r-xp 00000000 08:08 2888194                    /lib/x86_64-linux-gnu/libm-2.23.so
7f607f124000-7f607f323000 ---p 00108000 08:08 2888194                    /lib/x86_64-linux-gnu/libm-2.23.so
7f607f323000-7f607f324000 r--p 00107000 08:08 2888194                    /lib/x86_64-linux-gnu/libm-2.23.so
7f607f324000-7f607f325000 rw-p 00108000 08:08 2888194                    /lib/x86_64-linux-gnu/libm-2.23.so
7f607f325000-7f607ff0b000 r-xp 00000000 08:08 1332230                    /home/pyram_m/android-studio/jre/jre/lib/amd64/server/libjvm.so
7f607ff0b000-7f608010b000 ---p 00be6000 08:08 1332230                    /home/pyram_m/android-studio/jre/jre/lib/amd64/server/libjvm.so
7f608010b000-7f60801aa000 r--p 00be6000 08:08 1332230                    /home/pyram_m/android-studio/jre/jre/lib/amd64/server/libjvm.so
7f60801aa000-7f60801d3000 rw-p 00c85000 08:08 1332230                    /home/pyram_m/android-studio/jre/jre/lib/amd64/server/libjvm.so
7f60801d3000-7f6080215000 rw-p 00000000 00:00 0 
7f6080215000-7f608022d000 r-xp 00000000 08:08 2888269                    /lib/x86_64-linux-gnu/libpthread-2.23.so
7f608022d000-7f608042c000 ---p 00018000 08:08 2888269                    /lib/x86_64-linux-gnu/libpthread-2.23.so
7f608042c000-7f608042d000 r--p 00017000 08:08 2888269                    /lib/x86_64-linux-gnu/libpthread-2.23.so
7f608042d000-7f608042e000 rw-p 00018000 08:08 2888269                    /lib/x86_64-linux-gnu/libpthread-2.23.so
7f608042e000-7f6080432000 rw-p 00000000 00:00 0 
7f6080432000-7f6080435000 r-xp 00000000 08:08 2888148                    /lib/x86_64-linux-gnu/libdl-2.23.so
7f6080435000-7f6080634000 ---p 00003000 08:08 2888148                    /lib/x86_64-linux-gnu/libdl-2.23.so
7f6080634000-7f6080635000 r--p 00002000 08:08 2888148                    /lib/x86_64-linux-gnu/libdl-2.23.so
7f6080635000-7f6080636000 rw-p 00003000 08:08 2888148                    /lib/x86_64-linux-gnu/libdl-2.23.so
7f6080636000-7f60807f6000 r-xp 00000000 08:08 2888126                    /lib/x86_64-linux-gnu/libc-2.23.so
7f60807f6000-7f60809f5000 ---p 001c0000 08:08 2888126                    /lib/x86_64-linux-gnu/libc-2.23.so
7f60809f5000-7f60809f9000 r--p 001bf000 08:08 2888126                    /lib/x86_64-linux-gnu/libc-2.23.so
7f60809f9000-7f60809fb000 rw-p 001c3000 08:08 2888126                    /lib/x86_64-linux-gnu/libc-2.23.so
7f60809fb000-7f60809ff000 rw-p 00000000 00:00 0 
7f60809ff000-7f6080a15000 r-xp 00000000 08:08 1332099                    /home/pyram_m/android-studio/jre/lib/amd64/jli/libjli.so
7f6080a15000-7f6080c14000 ---p 00016000 08:08 1332099                    /home/pyram_m/android-studio/jre/lib/amd64/jli/libjli.so
7f6080c14000-7f6080c15000 r--p 00015000 08:08 1332099                    /home/pyram_m/android-studio/jre/lib/amd64/jli/libjli.so
7f6080c15000-7f6080c16000 rw-p 00016000 08:08 1332099                    /home/pyram_m/android-studio/jre/lib/amd64/jli/libjli.so
7f6080c16000-7f6080c3c000 r-xp 00000000 08:08 2888098                    /lib/x86_64-linux-gnu/ld-2.23.so
7f6080c41000-7f6080d11000 rw-p 00000000 00:00 0 
7f6080d11000-7f6080d14000 ---p 00000000 00:00 0 
7f6080d14000-7f6080e16000 rw-p 00000000 00:00 0 
7f6080e1b000-7f6080e2f000 rw-p 00000000 00:00 0 
7f6080e2f000-7f6080e37000 rw-s 00000000 08:08 9226509                    /tmp/hsperfdata_pyram_m/14192
7f6080e37000-7f6080e38000 rw-p 00000000 00:00 0 
7f6080e38000-7f6080e39000 ---p 00000000 00:00 0 
7f6080e39000-7f6080e3b000 rw-p 00000000 00:00 0 
7f6080e3b000-7f6080e3c000 r--p 00025000 08:08 2888098                    /lib/x86_64-linux-gnu/ld-2.23.so
7f6080e3c000-7f6080e3d000 rw-p 00026000 08:08 2888098                    /lib/x86_64-linux-gnu/ld-2.23.so
7f6080e3d000-7f6080e3e000 rw-p 00000000 00:00 0 
7ffca5496000-7ffca54b7000 rw-p 00000000 00:00 0                          [stack]
7ffca55d7000-7ffca55d9000 r--p 00000000 00:00 0                          [vvar]
7ffca55d9000-7ffca55db000 r-xp 00000000 00:00 0                          [vdso]
ffffffffff600000-ffffffffff601000 r-xp 00000000 00:00 0                  [vsyscall]

VM Arguments:
jvm_args: -Djava.awt.headless=true -Xmx1024M -Dfile.encoding=UTF-8 -Duser.country=FR -Duser.language=fr -Duser.variant 
java_command: com.android.dx.command.Main --dex --force-jumbo --num-threads=4 --multi-dex --output /home/pyram_m/AndroidStudioProjects/GouiranLinkProject/app/build/intermediates/transforms/dex/debug/folders/1000/5/slice_7 /home/pyram_m/AndroidStudioProjects/GouiranLinkProject/app/build/intermediates/transforms/instantRunSlicer/debug/folders/1/5/slice_7
java_class_path (initial): /home/pyram_m/Android/Sdk/build-tools/24.0.1/lib/dx.jar
Launcher Type: SUN_STANDARD

Environment Variables:
PATH=/home/pyram_m/bin:/home/pyram_m/.local/bin:/usr/local/sbin:/usr/local/bin:/usr/sbin:/usr/bin:/sbin:/bin:/usr/games:/usr/local/games:/snap/bin
USERNAME=pyram_m
LD_LIBRARY_PATH=/home/pyram_m/android-studio/bin:
SHELL=/bin/bash
DISPLAY=:1

Signal Handlers:
SIGSEGV: [libjvm.so+0x9daac0], sa_mask[0]=11111111011111111101111111111110, sa_flags=SA_RESTART|SA_SIGINFO
SIGBUS: [libjvm.so+0x9daac0], sa_mask[0]=11111111011111111101111111111110, sa_flags=SA_RESTART|SA_SIGINFO
SIGFPE: [libjvm.so+0x840d90], sa_mask[0]=11111111011111111101111111111110, sa_flags=SA_RESTART|SA_SIGINFO
SIGPIPE: [libjvm.so+0x840d90], sa_mask[0]=11111111011111111101111111111110, sa_flags=SA_RESTART|SA_SIGINFO
SIGXFSZ: [libjvm.so+0x840d90], sa_mask[0]=11111111011111111101111111111110, sa_flags=SA_RESTART|SA_SIGINFO
SIGILL: [libjvm.so+0x840d90], sa_mask[0]=11111111011111111101111111111110, sa_flags=SA_RESTART|SA_SIGINFO
SIGUSR1: SIG_DFL, sa_mask[0]=00000000000000000000000000000000, sa_flags=none
SIGUSR2: [libjvm.so+0x840c60], sa_mask[0]=00100000000000000000000000000000, sa_flags=SA_RESTART|SA_SIGINFO
SIGHUP: [libjvm.so+0x840e50], sa_mask[0]=11111111011111111101111111111110, sa_flags=SA_RESTART|SA_SIGINFO
SIGINT: [libjvm.so+0x840e50], sa_mask[0]=11111111011111111101111111111110, sa_flags=SA_RESTART|SA_SIGINFO
SIGTERM: [libjvm.so+0x840e50], sa_mask[0]=11111111011111111101111111111110, sa_flags=SA_RESTART|SA_SIGINFO
SIGQUIT: [libjvm.so+0x840e50], sa_mask[0]=11111111011111111101111111111110, sa_flags=SA_RESTART|SA_SIGINFO


---------------  S Y S T E M  ---------------

OS:DISTRIB_ID=Ubuntu
DISTRIB_RELEASE=16.04
DISTRIB_CODENAME=xenial
DISTRIB_DESCRIPTION="Ubuntu 16.04.1 LTS"

uname:Linux 4.4.0-53-generic #74-Ubuntu SMP Fri Dec 2 15:59:10 UTC 2016 x86_64
libc:glibc 2.23 NPTL 2.23 
rlimit: STACK 8192k, CORE 0k, NPROC 30995, NOFILE 65536, AS infinity
load average:5,19 2,55 2,17

/proc/meminfo:
MemTotal:        8069664 kB
MemFree:         3598876 kB
MemAvailable:    3540908 kB
Buffers:            3692 kB
Cached:           295092 kB
SwapCached:        23724 kB
Active:          3398144 kB
Inactive:         832544 kB
Active(anon):    3367652 kB
Inactive(anon):   762012 kB
Active(file):      30492 kB
Inactive(file):    70532 kB
Unevictable:          16 kB
Mlocked:              16 kB
SwapTotal:       2109436 kB
SwapFree:         622204 kB
Dirty:              3976 kB
Writeback:             0 kB
AnonPages:       3909380 kB
Mapped:           129888 kB
Shmem:            196772 kB
Slab:             104512 kB
SReclaimable:      58936 kB
SUnreclaim:        45576 kB
KernelStack:       13424 kB
PageTables:        49044 kB
NFS_Unstable:          0 kB
Bounce:                0 kB
WritebackTmp:          0 kB
CommitLimit:     6144268 kB
Committed_AS:    9761544 kB
VmallocTotal:   34359738367 kB
VmallocUsed:           0 kB
VmallocChunk:          0 kB
HardwareCorrupted:     0 kB
AnonHugePages:   1703936 kB
CmaTotal:              0 kB
CmaFree:               0 kB
HugePages_Total:       0
HugePages_Free:        0
HugePages_Rsvd:        0
HugePages_Surp:        0
Hugepagesize:       2048 kB
DirectMap4k:      120320 kB
DirectMap2M:     2920448 kB
DirectMap1G:     6291456 kB


CPU:total 4 (2 cores per cpu, 2 threads per core) family 6 model 69 stepping 1, cmov, cx8, fxsr, mmx, sse, sse2, sse3, ssse3, sse4.1, sse4.2, popcnt, avx, avx2, aes, clmul, erms, lzcnt, ht, tsc, tscinvbit, bmi1, bmi2

/proc/cpuinfo:
processor	: 0
vendor_id	: GenuineIntel
cpu family	: 6
model		: 69
model name	: Intel(R) Core(TM) i7-4600U CPU @ 2.10GHz
stepping	: 1
microcode	: 0x1d
cpu MHz		: 799.980
cache size	: 4096 KB
physical id	: 0
siblings	: 4
core id		: 0
cpu cores	: 2
apicid		: 0
initial apicid	: 0
fpu		: yes
fpu_exception	: yes
cpuid level	: 13
wp		: yes
flags		: fpu vme de pse tsc msr pae mce cx8 apic sep mtrr pge mca cmov pat pse36 clflush dts acpi mmx fxsr sse sse2 ss ht tm pbe syscall nx pdpe1gb rdtscp lm constant_tsc arch_perfmon pebs bts rep_good nopl xtopology nonstop_tsc aperfmperf eagerfpu pni pclmulqdq dtes64 monitor ds_cpl vmx smx est tm2 ssse3 sdbg fma cx16 xtpr pdcm pcid sse4_1 sse4_2 x2apic movbe popcnt tsc_deadline_timer aes xsave avx f16c rdrand lahf_lm abm epb tpr_shadow vnmi flexpriority ept vpid fsgsbase tsc_adjust bmi1 avx2 smep bmi2 erms invpcid xsaveopt dtherm ida arat pln pts
bugs		:
bogomips	: 5387.45
clflush size	: 64
cache_alignment	: 64
address sizes	: 39 bits physical, 48 bits virtual
power management:

processor	: 1
vendor_id	: GenuineIntel
cpu family	: 6
model		: 69
model name	: Intel(R) Core(TM) i7-4600U CPU @ 2.10GHz
stepping	: 1
microcode	: 0x1d
cpu MHz		: 799.980
cache size	: 4096 KB
physical id	: 0
siblings	: 4
core id		: 0
cpu cores	: 2
apicid		: 1
initial apicid	: 1
fpu		: yes
fpu_exception	: yes
cpuid level	: 13
wp		: yes
flags		: fpu vme de pse tsc msr pae mce cx8 apic sep mtrr pge mca cmov pat pse36 clflush dts acpi mmx fxsr sse sse2 ss ht tm pbe syscall nx pdpe1gb rdtscp lm constant_tsc arch_perfmon pebs bts rep_good nopl xtopology nonstop_tsc aperfmperf eagerfpu pni pclmulqdq dtes64 monitor ds_cpl vmx smx est tm2 ssse3 sdbg fma cx16 xtpr pdcm pcid sse4_1 sse4_2 x2apic movbe popcnt tsc_deadline_timer aes xsave avx f16c rdrand lahf_lm abm epb tpr_shadow vnmi flexpriority ept vpid fsgsbase tsc_adjust bmi1 avx2 smep bmi2 erms invpcid xsaveopt dtherm ida arat pln pts
bugs		:
bogomips	: 5387.45
clflush size	: 64
cache_alignment	: 64
address sizes	: 39 bits physical, 48 bits virtual
power management:

processor	: 2
vendor_id	: GenuineIntel
cpu family	: 6
model		: 69
model name	: Intel(R) Core(TM) i7-4600U CPU @ 2.10GHz
stepping	: 1
microcode	: 0x1d
cpu MHz		: 799.980
cache size	: 4096 KB
physical id	: 0
siblings	: 4
core id		: 1
cpu cores	: 2
apicid		: 2
initial apicid	: 2
fpu		: yes
fpu_exception	: yes
cpuid level	: 13
wp		: yes
flags		: fpu vme de pse tsc msr pae mce cx8 apic sep mtrr pge mca cmov pat pse36 clflush dts acpi mmx fxsr sse sse2 ss ht tm pbe syscall nx pdpe1gb rdtscp lm constant_tsc arch_perfmon pebs bts rep_good nopl xtopology nonstop_tsc aperfmperf eagerfpu pni pclmulqdq dtes64 monitor ds_cpl vmx smx est tm2 ssse3 sdbg fma cx16 xtpr pdcm pcid sse4_1 sse4_2 x2apic movbe popcnt tsc_deadline_timer aes xsave avx f16c rdrand lahf_lm abm epb tpr_shadow vnmi flexpriority ept vpid fsgsbase tsc_adjust bmi1 avx2 smep bmi2 erms invpcid xsaveopt dtherm ida arat pln pts
bugs		:
bogomips	: 5387.45
clflush size	: 64
cache_alignment	: 64
address sizes	: 39 bits physical, 48 bits virtual
power management:

processor	: 3
vendor_id	: GenuineIntel
cpu family	: 6
model		: 69
model name	: Intel(R) Core(TM) i7-4600U CPU @ 2.10GHz
stepping	: 1
microcode	: 0x1d
cpu MHz		: 799.980
cache size	: 4096 KB
physical id	: 0
siblings	: 4
core id		: 1
cpu cores	: 2
apicid		: 3
initial apicid	: 3
fpu		: yes
fpu_exception	: yes
cpuid level	: 13
wp		: yes
flags		: fpu vme de pse tsc msr pae mce cx8 apic sep mtrr pge mca cmov pat pse36 clflush dts acpi mmx fxsr sse sse2 ss ht tm pbe syscall nx pdpe1gb rdtscp lm constant_tsc arch_perfmon pebs bts rep_good nopl xtopology nonstop_tsc aperfmperf eagerfpu pni pclmulqdq dtes64 monitor ds_cpl vmx smx est tm2 ssse3 sdbg fma cx16 xtpr pdcm pcid sse4_1 sse4_2 x2apic movbe popcnt tsc_deadline_timer aes xsave avx f16c rdrand lahf_lm abm epb tpr_shadow vnmi flexpriority ept vpid fsgsbase tsc_adjust bmi1 avx2 smep bmi2 erms invpcid xsaveopt dtherm ida arat pln pts
bugs		:
bogomips	: 5387.45
clflush size	: 64
cache_alignment	: 64
address sizes	: 39 bits physical, 48 bits virtual
power management:



Memory: 4k page, physical 8069664k(3598876k free), swap 2109436k(622204k free)

vm_info: OpenJDK 64-Bit Server VM (25.76-b03) for linux-amd64 JRE (1.8.0_76-release-b03), built on Jun 29 2016 09:39:19 by "builder" with gcc 4.8.4

time: Thu Dec  8 12:32:45 2016
elapsed time: 10 seconds (0d 0h 0m 10s)

